2018-03-21 10:18:21  --- client Alex registred
2018-03-21 10:18:32  --- You connected with agent Luda
2018-03-21 10:18:32  --- agent Luda registred
2018-03-21 10:18:32  --- You connected with client Alex
2018-03-21 10:18:43  --- client Alex exit
2018-03-21 10:23:39  --- Please wait agent
2018-03-21 10:23:39  --- client Alex registred
2018-03-21 10:23:39  --- Please wait agent
2018-03-21 10:24:13  --- You connected with agent Luda
2018-03-21 10:24:13  --- Please wait agent
2018-03-21 10:24:13  --- agent Luda registred
2018-03-21 10:24:13  --- Please wait agent
2018-03-21 10:24:13  --- You connected with client Alex
2018-03-21 10:24:13  --- Please wait agent
2018-03-21 10:25:52  --- Please wait agent
2018-03-21 10:25:52  --- client Alex registred
2018-03-21 10:26:15  --- You connected with agent Luda
2018-03-21 10:26:15  --- agent Luda registred
2018-03-21 10:26:15  --- You connected with client Alex
2018-03-21 10:29:07  --- client Alex registred
2018-03-21 10:29:07  --- Please wait agent
2018-03-21 10:29:23  --- You connected with agent Luda
2018-03-21 10:29:23  --- agent Luda registred
2018-03-21 10:29:23  --- Please wait agent
2018-03-21 10:29:23  --- You connected with client Alex
2018-03-21 10:40:36  --- client Alex registred
2018-03-21 10:40:43  --- You connected with agent Luda
2018-03-21 10:40:43  --- agent Luda registred
2018-03-21 10:40:43  --- You connected with client Alex
2018-03-21 10:40:44  --- [agent Luda] : weqr
2018-03-21 10:40:45  --- [agent Luda] : ewqr
2018-03-21 10:40:47  --- [client Alex] : qwrnkr
2018-03-21 10:40:47  --- [client Alex] : qwrnkr
2018-03-21 10:40:50  --- [agent Luda] : nfqwekl
2018-03-21 10:40:50  --- [agent Luda] : nfqwekl
2018-03-21 10:40:53  --- client Alex exit
